Some weights of the model checkpoint at bert-base-uncased were not used when initializing BertForNextSentencePrediction: ['cls.predictions.transform.LayerNorm.bias', 'cls.predictions.transform.dense.weight', 'cls.predictions.transform.LayerNorm.weight', 'cls.predictions.decoder.weight', 'cls.predictions.transform.dense.bias', 'cls.predictions.bias']
- This IS expected if you are initializing BertForNextSentencePrediction from the checkpoint of a model trained on another task or with another architecture (e.g. initializing a BertForSequenceClassification model from a BertForPreTraining model).
- This IS NOT expected if you are initializing BertForNextSentencePrediction from the checkpoint of a model that you expect to be exactly identical (initializing a BertForSequenceClassification model from a BertForSequenceClassification model).
head train accuracy in  0  epoch is  tensor(0.4995, device='cuda:0')
head val accuracy in  0  epoch is  tensor(0.5004)
head train accuracy in  1  epoch is  tensor(0.5002, device='cuda:0')
head val accuracy in  1  epoch is  tensor(0.5015)
head train accuracy in  2  epoch is  tensor(0.4981, device='cuda:0')
head val accuracy in  2  epoch is  tensor(0.4996)
head train accuracy in  3  epoch is  tensor(0.4969, device='cuda:0')
head val accuracy in  3  epoch is  tensor(0.5003)
head train accuracy in  4  epoch is  tensor(0.4973, device='cuda:0')
head val accuracy in  4  epoch is  tensor(0.4976)
head train accuracy in  5  epoch is  tensor(0.5009, device='cuda:0')
head val accuracy in  5  epoch is  tensor(0.5021)
head train accuracy in  6  epoch is  tensor(0.5005, device='cuda:0')
head val accuracy in  6  epoch is  tensor(0.5003)
head train accuracy in  7  epoch is  tensor(0.4998, device='cuda:0')
head val accuracy in  7  epoch is  tensor(0.5016)
head train accuracy in  8  epoch is  tensor(0.5001, device='cuda:0')
head val accuracy in  8  epoch is  tensor(0.4996)
head train accuracy in  9  epoch is  tensor(0.5024, device='cuda:0')
head val accuracy in  9  epoch is  tensor(0.5036)
head train accuracy in  10  epoch is  tensor(0.4979, device='cuda:0')
head val accuracy in  10  epoch is  tensor(0.4997)
head train accuracy in  11  epoch is  tensor(0.5010, device='cuda:0')
head val accuracy in  11  epoch is  tensor(0.4974)
head train accuracy in  12  epoch is  tensor(0.4997, device='cuda:0')
head val accuracy in  12  epoch is  tensor(0.4996)
head train accuracy in  13  epoch is  tensor(0.5033, device='cuda:0')
head val accuracy in  13  epoch is  tensor(0.4980)
head train accuracy in  14  epoch is  tensor(0.5011, device='cuda:0')
head val accuracy in  14  epoch is  tensor(0.4996)
head train accuracy in  15  epoch is  tensor(0.4993, device='cuda:0')
head val accuracy in  15  epoch is  tensor(0.5028)
head train accuracy in  16  epoch is  tensor(0.5017, device='cuda:0')
head val accuracy in  16  epoch is  tensor(0.5001)
head train accuracy in  17  epoch is  tensor(0.4991, device='cuda:0')
head val accuracy in  17  epoch is  tensor(0.4996)
head train accuracy in  18  epoch is  tensor(0.4998, device='cuda:0')
head val accuracy in  18  epoch is  tensor(0.5009)
head train accuracy in  19  epoch is  tensor(0.4997, device='cuda:0')
head val accuracy in  19  epoch is  tensor(0.4989)
head train accuracy in  20  epoch is  tensor(0.4991, device='cuda:0')
head val accuracy in  20  epoch is  tensor(0.5002)
head train accuracy in  21  epoch is  tensor(0.5008, device='cuda:0')
head val accuracy in  21  epoch is  tensor(0.5008)
head train accuracy in  22  epoch is  tensor(0.4970, device='cuda:0')
head val accuracy in  22  epoch is  tensor(0.4996)
head train accuracy in  23  epoch is  tensor(0.5032, device='cuda:0')
head val accuracy in  23  epoch is  tensor(0.4996)
head train accuracy in  24  epoch is  tensor(0.5012, device='cuda:0')
head val accuracy in  24  epoch is  tensor(0.5013)
head train accuracy in  25  epoch is  tensor(0.5010, device='cuda:0')
head val accuracy in  25  epoch is  tensor(0.5082)
head train accuracy in  26  epoch is  tensor(0.4990, device='cuda:0')
head val accuracy in  26  epoch is  tensor(0.4997)
head train accuracy in  27  epoch is  tensor(0.5004, device='cuda:0')
head val accuracy in  27  epoch is  tensor(0.4996)
head train accuracy in  28  epoch is  tensor(0.4976, device='cuda:0')
head val accuracy in  28  epoch is  tensor(0.4995)
head train accuracy in  29  epoch is  tensor(0.5021, device='cuda:0')
head val accuracy in  29  epoch is  tensor(0.5004)
head train accuracy in  30  epoch is  tensor(0.5002, device='cuda:0')
head val accuracy in  30  epoch is  tensor(0.5004)
head train accuracy in  31  epoch is  tensor(0.4956, device='cuda:0')
head val accuracy in  31  epoch is  tensor(0.5003)
head train accuracy in  32  epoch is  tensor(0.5000, device='cuda:0')
head val accuracy in  32  epoch is  tensor(0.4997)
head train accuracy in  33  epoch is  tensor(0.5008, device='cuda:0')
head val accuracy in  33  epoch is  tensor(0.5004)
head train accuracy in  34  epoch is  tensor(0.4991, device='cuda:0')
head val accuracy in  34  epoch is  tensor(0.4968)
head train accuracy in  35  epoch is  tensor(0.4966, device='cuda:0')
head val accuracy in  35  epoch is  tensor(0.5009)
head train accuracy in  36  epoch is  tensor(0.4999, device='cuda:0')
head val accuracy in  36  epoch is  tensor(0.5058)
head train accuracy in  37  epoch is  tensor(0.4974, device='cuda:0')
head val accuracy in  37  epoch is  tensor(0.4967)
head train accuracy in  38  epoch is  tensor(0.5038, device='cuda:0')
head val accuracy in  38  epoch is  tensor(0.5022)
head train accuracy in  39  epoch is  tensor(0.5015, device='cuda:0')
head val accuracy in  39  epoch is  tensor(0.5004)
head train accuracy in  40  epoch is  tensor(0.4998, device='cuda:0')
head val accuracy in  40  epoch is  tensor(0.5050)
head train accuracy in  41  epoch is  tensor(0.5013, device='cuda:0')
head val accuracy in  41  epoch is  tensor(0.4992)
head train accuracy in  42  epoch is  tensor(0.5027, device='cuda:0')
head val accuracy in  42  epoch is  tensor(0.5004)
head train accuracy in  43  epoch is  tensor(0.5010, device='cuda:0')
head val accuracy in  43  epoch is  tensor(0.5002)
head train accuracy in  44  epoch is  tensor(0.4993, device='cuda:0')
head val accuracy in  44  epoch is  tensor(0.4978)
head train accuracy in  45  epoch is  tensor(0.4989, device='cuda:0')
head val accuracy in  45  epoch is  tensor(0.4995)
head train accuracy in  46  epoch is  tensor(0.4999, device='cuda:0')
head val accuracy in  46  epoch is  tensor(0.5018)
head train accuracy in  47  epoch is  tensor(0.4988, device='cuda:0')
head val accuracy in  47  epoch is  tensor(0.4991)
head train accuracy in  48  epoch is  tensor(0.4977, device='cuda:0')
head val accuracy in  48  epoch is  tensor(0.5004)
head train accuracy in  49  epoch is  tensor(0.4990, device='cuda:0')
head val accuracy in  49  epoch is  tensor(0.4994)
head train accuracy in  50  epoch is  tensor(0.5014, device='cuda:0')
head val accuracy in  50  epoch is  tensor(0.5045)
head train accuracy in  51  epoch is  tensor(0.4948, device='cuda:0')
head val accuracy in  51  epoch is  tensor(0.4996)
head train accuracy in  52  epoch is  tensor(0.5000, device='cuda:0')
head val accuracy in  52  epoch is  tensor(0.4998)
head train accuracy in  53  epoch is  tensor(0.5035, device='cuda:0')
head val accuracy in  53  epoch is  tensor(0.5004)
head train accuracy in  54  epoch is  tensor(0.5037, device='cuda:0')
head val accuracy in  54  epoch is  tensor(0.5027)
head train accuracy in  55  epoch is  tensor(0.4993, device='cuda:0')
head val accuracy in  55  epoch is  tensor(0.5004)
head train accuracy in  56  epoch is  tensor(0.5008, device='cuda:0')
head val accuracy in  56  epoch is  tensor(0.4996)
head train accuracy in  57  epoch is  tensor(0.4980, device='cuda:0')
head val accuracy in  57  epoch is  tensor(0.4999)
head train accuracy in  58  epoch is  tensor(0.5000, device='cuda:0')
head val accuracy in  58  epoch is  tensor(0.4995)
head train accuracy in  59  epoch is  tensor(0.4996, device='cuda:0')
head val accuracy in  59  epoch is  tensor(0.5009)
head train accuracy in  60  epoch is  tensor(0.4974, device='cuda:0')
head val accuracy in  60  epoch is  tensor(0.5003)
head train accuracy in  61  epoch is  tensor(0.5008, device='cuda:0')
head val accuracy in  61  epoch is  tensor(0.4973)
head train accuracy in  62  epoch is  tensor(0.5015, device='cuda:0')
head val accuracy in  62  epoch is  tensor(0.5005)
head train accuracy in  63  epoch is  tensor(0.5022, device='cuda:0')
head val accuracy in  63  epoch is  tensor(0.5004)
head train accuracy in  64  epoch is  tensor(0.4992, device='cuda:0')
head val accuracy in  64  epoch is  tensor(0.4996)
head train accuracy in  65  epoch is  tensor(0.4996, device='cuda:0')
head val accuracy in  65  epoch is  tensor(0.5007)
head train accuracy in  66  epoch is  tensor(0.4989, device='cuda:0')
head val accuracy in  66  epoch is  tensor(0.4995)
head train accuracy in  67  epoch is  tensor(0.4994, device='cuda:0')
head val accuracy in  67  epoch is  tensor(0.4997)
head train accuracy in  68  epoch is  tensor(0.5021, device='cuda:0')
head val accuracy in  68  epoch is  tensor(0.5004)
head train accuracy in  69  epoch is  tensor(0.4994, device='cuda:0')
head val accuracy in  69  epoch is  tensor(0.5004)
head train accuracy in  70  epoch is  tensor(0.4990, device='cuda:0')
head val accuracy in  70  epoch is  tensor(0.4975)
head train accuracy in  71  epoch is  tensor(0.4996, device='cuda:0')
head val accuracy in  71  epoch is  tensor(0.5005)
head train accuracy in  72  epoch is  tensor(0.5005, device='cuda:0')
head val accuracy in  72  epoch is  tensor(0.4991)
head train accuracy in  73  epoch is  tensor(0.4985, device='cuda:0')
head val accuracy in  73  epoch is  tensor(0.5057)
head train accuracy in  74  epoch is  tensor(0.5020, device='cuda:0')
head val accuracy in  74  epoch is  tensor(0.5002)
head train accuracy in  75  epoch is  tensor(0.4997, device='cuda:0')
head val accuracy in  75  epoch is  tensor(0.5095)
head train accuracy in  76  epoch is  tensor(0.5012, device='cuda:0')
head val accuracy in  76  epoch is  tensor(0.5000)
head train accuracy in  77  epoch is  tensor(0.4981, device='cuda:0')
head val accuracy in  77  epoch is  tensor(0.4999)
head train accuracy in  78  epoch is  tensor(0.5024, device='cuda:0')
head val accuracy in  78  epoch is  tensor(0.5009)
head train accuracy in  79  epoch is  tensor(0.4986, device='cuda:0')
head val accuracy in  79  epoch is  tensor(0.4997)
head train accuracy in  80  epoch is  tensor(0.5028, device='cuda:0')
head val accuracy in  80  epoch is  tensor(0.4966)
head train accuracy in  81  epoch is  tensor(0.5045, device='cuda:0')
head val accuracy in  81  epoch is  tensor(0.4999)
head train accuracy in  82  epoch is  tensor(0.4983, device='cuda:0')
head val accuracy in  82  epoch is  tensor(0.4976)
head train accuracy in  83  epoch is  tensor(0.5006, device='cuda:0')
head val accuracy in  83  epoch is  tensor(0.5008)
head train accuracy in  84  epoch is  tensor(0.4986, device='cuda:0')
head val accuracy in  84  epoch is  tensor(0.5005)
head train accuracy in  85  epoch is  tensor(0.5020, device='cuda:0')
head val accuracy in  85  epoch is  tensor(0.4949)
head train accuracy in  86  epoch is  tensor(0.4995, device='cuda:0')
head val accuracy in  86  epoch is  tensor(0.5001)
head train accuracy in  87  epoch is  tensor(0.5003, device='cuda:0')
head val accuracy in  87  epoch is  tensor(0.5006)
head train accuracy in  88  epoch is  tensor(0.5000, device='cuda:0')
head val accuracy in  88  epoch is  tensor(0.5003)
head train accuracy in  89  epoch is  tensor(0.5036, device='cuda:0')
head val accuracy in  89  epoch is  tensor(0.4931)
head train accuracy in  90  epoch is  tensor(0.5003, device='cuda:0')
head val accuracy in  90  epoch is  tensor(0.5005)
head train accuracy in  91  epoch is  tensor(0.5034, device='cuda:0')
head val accuracy in  91  epoch is  tensor(0.4987)
head train accuracy in  92  epoch is  tensor(0.4995, device='cuda:0')
head val accuracy in  92  epoch is  tensor(0.4997)
head train accuracy in  93  epoch is  tensor(0.5024, device='cuda:0')
head val accuracy in  93  epoch is  tensor(0.4969)
head train accuracy in  94  epoch is  tensor(0.5009, device='cuda:0')
head val accuracy in  94  epoch is  tensor(0.5008)
head train accuracy in  95  epoch is  tensor(0.5003, device='cuda:0')
head val accuracy in  95  epoch is  tensor(0.4995)
head train accuracy in  96  epoch is  tensor(0.5005, device='cuda:0')
head val accuracy in  96  epoch is  tensor(0.4974)
head train accuracy in  97  epoch is  tensor(0.4975, device='cuda:0')
head val accuracy in  97  epoch is  tensor(0.4998)
head train accuracy in  98  epoch is  tensor(0.5026, device='cuda:0')
head val accuracy in  98  epoch is  tensor(0.4992)
head train accuracy in  99  epoch is  tensor(0.5003, device='cuda:0')
head val accuracy in  99  epoch is  tensor(0.4998)
head train accuracy in  100  epoch is  tensor(0.4993, device='cuda:0')
head val accuracy in  100  epoch is  tensor(0.5017)
head train accuracy in  101  epoch is  tensor(0.5006, device='cuda:0')
head val accuracy in  101  epoch is  tensor(0.4987)
head train accuracy in  102  epoch is  tensor(0.4965, device='cuda:0')
head val accuracy in  102  epoch is  tensor(0.4964)
head train accuracy in  103  epoch is  tensor(0.5042, device='cuda:0')
head val accuracy in  103  epoch is  tensor(0.4997)
head train accuracy in  104  epoch is  tensor(0.5005, device='cuda:0')
head val accuracy in  104  epoch is  tensor(0.5005)
head train accuracy in  105  epoch is  tensor(0.4981, device='cuda:0')
head val accuracy in  105  epoch is  tensor(0.4977)
head train accuracy in  106  epoch is  tensor(0.4995, device='cuda:0')
head val accuracy in  106  epoch is  tensor(0.4996)
head train accuracy in  107  epoch is  tensor(0.4982, device='cuda:0')
head val accuracy in  107  epoch is  tensor(0.4993)
head train accuracy in  108  epoch is  tensor(0.5023, device='cuda:0')
head val accuracy in  108  epoch is  tensor(0.5004)
head train accuracy in  109  epoch is  tensor(0.4988, device='cuda:0')
head val accuracy in  109  epoch is  tensor(0.4988)
head train accuracy in  110  epoch is  tensor(0.5031, device='cuda:0')
head val accuracy in  110  epoch is  tensor(0.4949)
head train accuracy in  111  epoch is  tensor(0.5041, device='cuda:0')
head val accuracy in  111  epoch is  tensor(0.5033)
head train accuracy in  112  epoch is  tensor(0.5003, device='cuda:0')
head val accuracy in  112  epoch is  tensor(0.5002)
head train accuracy in  113  epoch is  tensor(0.4988, device='cuda:0')
head val accuracy in  113  epoch is  tensor(0.4997)
head train accuracy in  114  epoch is  tensor(0.4980, device='cuda:0')
head val accuracy in  114  epoch is  tensor(0.4992)
head train accuracy in  115  epoch is  tensor(0.4993, device='cuda:0')
head val accuracy in  115  epoch is  tensor(0.5006)
head train accuracy in  116  epoch is  tensor(0.4988, device='cuda:0')
head val accuracy in  116  epoch is  tensor(0.5074)
head train accuracy in  117  epoch is  tensor(0.5002, device='cuda:0')
head val accuracy in  117  epoch is  tensor(0.4996)
head train accuracy in  118  epoch is  tensor(0.4994, device='cuda:0')
head val accuracy in  118  epoch is  tensor(0.4920)
head train accuracy in  119  epoch is  tensor(0.4984, device='cuda:0')
head val accuracy in  119  epoch is  tensor(0.5001)
head train accuracy in  120  epoch is  tensor(0.4984, device='cuda:0')
head val accuracy in  120  epoch is  tensor(0.4961)
head train accuracy in  121  epoch is  tensor(0.4978, device='cuda:0')
head val accuracy in  121  epoch is  tensor(0.5004)
head train accuracy in  122  epoch is  tensor(0.4996, device='cuda:0')
head val accuracy in  122  epoch is  tensor(0.4996)
head train accuracy in  123  epoch is  tensor(0.5009, device='cuda:0')
head val accuracy in  123  epoch is  tensor(0.4978)
head train accuracy in  124  epoch is  tensor(0.4991, device='cuda:0')
head val accuracy in  124  epoch is  tensor(0.4999)
head train accuracy in  125  epoch is  tensor(0.5002, device='cuda:0')
head val accuracy in  125  epoch is  tensor(0.4994)
head train accuracy in  126  epoch is  tensor(0.4995, device='cuda:0')
head val accuracy in  126  epoch is  tensor(0.5013)
head train accuracy in  127  epoch is  tensor(0.4993, device='cuda:0')
head val accuracy in  127  epoch is  tensor(0.4977)
head train accuracy in  128  epoch is  tensor(0.5022, device='cuda:0')
head val accuracy in  128  epoch is  tensor(0.4995)
head train accuracy in  129  epoch is  tensor(0.4987, device='cuda:0')
head val accuracy in  129  epoch is  tensor(0.5040)
head train accuracy in  130  epoch is  tensor(0.5023, device='cuda:0')
head val accuracy in  130  epoch is  tensor(0.4968)
head train accuracy in  131  epoch is  tensor(0.4998, device='cuda:0')
head val accuracy in  131  epoch is  tensor(0.4998)
head train accuracy in  132  epoch is  tensor(0.5025, device='cuda:0')
head val accuracy in  132  epoch is  tensor(0.4950)
head train accuracy in  133  epoch is  tensor(0.5034, device='cuda:0')
head val accuracy in  133  epoch is  tensor(0.4896)
head train accuracy in  134  epoch is  tensor(0.5019, device='cuda:0')
head val accuracy in  134  epoch is  tensor(0.4966)
head train accuracy in  135  epoch is  tensor(0.4992, device='cuda:0')
head val accuracy in  135  epoch is  tensor(0.4996)
head train accuracy in  136  epoch is  tensor(0.5008, device='cuda:0')
head val accuracy in  136  epoch is  tensor(0.4965)
head train accuracy in  137  epoch is  tensor(0.5013, device='cuda:0')
head val accuracy in  137  epoch is  tensor(0.5013)
head train accuracy in  138  epoch is  tensor(0.5000, device='cuda:0')
head val accuracy in  138  epoch is  tensor(0.5009)
head train accuracy in  139  epoch is  tensor(0.5011, device='cuda:0')
head val accuracy in  139  epoch is  tensor(0.5001)
head train accuracy in  140  epoch is  tensor(0.5003, device='cuda:0')
head val accuracy in  140  epoch is  tensor(0.4996)
head train accuracy in  141  epoch is  tensor(0.4981, device='cuda:0')
head val accuracy in  141  epoch is  tensor(0.5013)
head train accuracy in  142  epoch is  tensor(0.5004, device='cuda:0')
head val accuracy in  142  epoch is  tensor(0.5005)
head train accuracy in  143  epoch is  tensor(0.4989, device='cuda:0')
head val accuracy in  143  epoch is  tensor(0.4993)
head train accuracy in  144  epoch is  tensor(0.4996, device='cuda:0')
head val accuracy in  144  epoch is  tensor(0.5034)
head train accuracy in  145  epoch is  tensor(0.5012, device='cuda:0')
head val accuracy in  145  epoch is  tensor(0.5000)
head train accuracy in  146  epoch is  tensor(0.5039, device='cuda:0')
head val accuracy in  146  epoch is  tensor(0.4993)
head train accuracy in  147  epoch is  tensor(0.4954, device='cuda:0')
head val accuracy in  147  epoch is  tensor(0.5028)
head train accuracy in  148  epoch is  tensor(0.5002, device='cuda:0')
head val accuracy in  148  epoch is  tensor(0.4945)
head train accuracy in  149  epoch is  tensor(0.5006, device='cuda:0')
head val accuracy in  149  epoch is  tensor(0.4997)
head train accuracy in  150  epoch is  tensor(0.4991, device='cuda:0')
head val accuracy in  150  epoch is  tensor(0.5003)
head train accuracy in  151  epoch is  tensor(0.5008, device='cuda:0')
head val accuracy in  151  epoch is  tensor(0.5004)
head train accuracy in  152  epoch is  tensor(0.4969, device='cuda:0')
head val accuracy in  152  epoch is  tensor(0.4998)
head train accuracy in  153  epoch is  tensor(0.4964, device='cuda:0')
head val accuracy in  153  epoch is  tensor(0.4985)
head train accuracy in  154  epoch is  tensor(0.4970, device='cuda:0')
head val accuracy in  154  epoch is  tensor(0.5005)
head train accuracy in  155  epoch is  tensor(0.5009, device='cuda:0')
head val accuracy in  155  epoch is  tensor(0.5041)
head train accuracy in  156  epoch is  tensor(0.5013, device='cuda:0')
head val accuracy in  156  epoch is  tensor(0.4997)
head train accuracy in  157  epoch is  tensor(0.4995, device='cuda:0')
head val accuracy in  157  epoch is  tensor(0.5004)
head train accuracy in  158  epoch is  tensor(0.4996, device='cuda:0')
head val accuracy in  158  epoch is  tensor(0.4980)
head train accuracy in  159  epoch is  tensor(0.5037, device='cuda:0')
head val accuracy in  159  epoch is  tensor(0.5013)
head train accuracy in  160  epoch is  tensor(0.4994, device='cuda:0')
head val accuracy in  160  epoch is  tensor(0.4958)
head train accuracy in  161  epoch is  tensor(0.5014, device='cuda:0')
head val accuracy in  161  epoch is  tensor(0.5022)
head train accuracy in  162  epoch is  tensor(0.4990, device='cuda:0')
head val accuracy in  162  epoch is  tensor(0.5004)
head train accuracy in  163  epoch is  tensor(0.4988, device='cuda:0')
head val accuracy in  163  epoch is  tensor(0.4956)
head train accuracy in  164  epoch is  tensor(0.4998, device='cuda:0')
head val accuracy in  164  epoch is  tensor(0.5070)
head train accuracy in  165  epoch is  tensor(0.4993, device='cuda:0')
head val accuracy in  165  epoch is  tensor(0.5071)
head train accuracy in  166  epoch is  tensor(0.5026, device='cuda:0')
head val accuracy in  166  epoch is  tensor(0.5011)
head train accuracy in  167  epoch is  tensor(0.5007, device='cuda:0')
head val accuracy in  167  epoch is  tensor(0.5005)
head train accuracy in  168  epoch is  tensor(0.5001, device='cuda:0')
head val accuracy in  168  epoch is  tensor(0.4939)
head train accuracy in  169  epoch is  tensor(0.5016, device='cuda:0')
head val accuracy in  169  epoch is  tensor(0.4995)
head train accuracy in  170  epoch is  tensor(0.5009, device='cuda:0')
head val accuracy in  170  epoch is  tensor(0.4993)
head train accuracy in  171  epoch is  tensor(0.4988, device='cuda:0')
head val accuracy in  171  epoch is  tensor(0.4968)
head train accuracy in  172  epoch is  tensor(0.4966, device='cuda:0')
head val accuracy in  172  epoch is  tensor(0.4998)
head train accuracy in  173  epoch is  tensor(0.4990, device='cuda:0')
head val accuracy in  173  epoch is  tensor(0.4964)
head train accuracy in  174  epoch is  tensor(0.4976, device='cuda:0')
head val accuracy in  174  epoch is  tensor(0.5011)
head train accuracy in  175  epoch is  tensor(0.4998, device='cuda:0')
head val accuracy in  175  epoch is  tensor(0.4928)
head train accuracy in  176  epoch is  tensor(0.4991, device='cuda:0')
head val accuracy in  176  epoch is  tensor(0.4974)
head train accuracy in  177  epoch is  tensor(0.5011, device='cuda:0')
head val accuracy in  177  epoch is  tensor(0.4997)
head train accuracy in  178  epoch is  tensor(0.5004, device='cuda:0')
head val accuracy in  178  epoch is  tensor(0.4883)
head train accuracy in  179  epoch is  tensor(0.4964, device='cuda:0')
head val accuracy in  179  epoch is  tensor(0.4902)
head train accuracy in  180  epoch is  tensor(0.4993, device='cuda:0')
head val accuracy in  180  epoch is  tensor(0.5039)
head train accuracy in  181  epoch is  tensor(0.5003, device='cuda:0')
head val accuracy in  181  epoch is  tensor(0.4967)
head train accuracy in  182  epoch is  tensor(0.5017, device='cuda:0')
head val accuracy in  182  epoch is  tensor(0.4995)
head train accuracy in  183  epoch is  tensor(0.4991, device='cuda:0')
head val accuracy in  183  epoch is  tensor(0.4991)
head train accuracy in  184  epoch is  tensor(0.4978, device='cuda:0')
head val accuracy in  184  epoch is  tensor(0.4999)
head train accuracy in  185  epoch is  tensor(0.4990, device='cuda:0')
head val accuracy in  185  epoch is  tensor(0.5045)
head train accuracy in  186  epoch is  tensor(0.4984, device='cuda:0')
head val accuracy in  186  epoch is  tensor(0.4995)
head train accuracy in  187  epoch is  tensor(0.4976, device='cuda:0')
head val accuracy in  187  epoch is  tensor(0.5001)
head train accuracy in  188  epoch is  tensor(0.4988, device='cuda:0')
head val accuracy in  188  epoch is  tensor(0.4997)
head train accuracy in  189  epoch is  tensor(0.5016, device='cuda:0')
head val accuracy in  189  epoch is  tensor(0.5005)
head train accuracy in  190  epoch is  tensor(0.4988, device='cuda:0')
head val accuracy in  190  epoch is  tensor(0.5004)
head train accuracy in  191  epoch is  tensor(0.4992, device='cuda:0')
head val accuracy in  191  epoch is  tensor(0.4992)
head train accuracy in  192  epoch is  tensor(0.4970, device='cuda:0')
head val accuracy in  192  epoch is  tensor(0.4997)
head train accuracy in  193  epoch is  tensor(0.4988, device='cuda:0')
head val accuracy in  193  epoch is  tensor(0.5017)
head train accuracy in  194  epoch is  tensor(0.5016, device='cuda:0')
head val accuracy in  194  epoch is  tensor(0.5059)
head train accuracy in  195  epoch is  tensor(0.5014, device='cuda:0')
head val accuracy in  195  epoch is  tensor(0.4999)
head train accuracy in  196  epoch is  tensor(0.4984, device='cuda:0')
head val accuracy in  196  epoch is  tensor(0.5051)
head train accuracy in  197  epoch is  tensor(0.5010, device='cuda:0')
head val accuracy in  197  epoch is  tensor(0.4939)
head train accuracy in  198  epoch is  tensor(0.5014, device='cuda:0')
head val accuracy in  198  epoch is  tensor(0.4978)
head train accuracy in  199  epoch is  tensor(0.4995, device='cuda:0')
head val accuracy in  199  epoch is  tensor(0.5016)
head train accuracy in  200  epoch is  tensor(0.5008, device='cuda:0')
head val accuracy in  200  epoch is  tensor(0.4997)
head train accuracy in  201  epoch is  tensor(0.4976, device='cuda:0')
head val accuracy in  201  epoch is  tensor(0.4996)
head train accuracy in  202  epoch is  tensor(0.4998, device='cuda:0')
head val accuracy in  202  epoch is  tensor(0.5001)
head train accuracy in  203  epoch is  tensor(0.5009, device='cuda:0')
head val accuracy in  203  epoch is  tensor(0.4985)
head train accuracy in  204  epoch is  tensor(0.4981, device='cuda:0')
head val accuracy in  204  epoch is  tensor(0.5004)
head train accuracy in  205  epoch is  tensor(0.5004, device='cuda:0')
head val accuracy in  205  epoch is  tensor(0.4965)
head train accuracy in  206  epoch is  tensor(0.5011, device='cuda:0')
head val accuracy in  206  epoch is  tensor(0.5013)
head train accuracy in  207  epoch is  tensor(0.5027, device='cuda:0')
head val accuracy in  207  epoch is  tensor(0.5063)
head train accuracy in  208  epoch is  tensor(0.5004, device='cuda:0')
head val accuracy in  208  epoch is  tensor(0.4996)
head train accuracy in  209  epoch is  tensor(0.5001, device='cuda:0')
head val accuracy in  209  epoch is  tensor(0.5005)
head train accuracy in  210  epoch is  tensor(0.5004, device='cuda:0')
head val accuracy in  210  epoch is  tensor(0.5009)
head train accuracy in  211  epoch is  tensor(0.4972, device='cuda:0')
head val accuracy in  211  epoch is  tensor(0.5046)
head train accuracy in  212  epoch is  tensor(0.4998, device='cuda:0')
head val accuracy in  212  epoch is  tensor(0.5026)
head train accuracy in  213  epoch is  tensor(0.4988, device='cuda:0')
head val accuracy in  213  epoch is  tensor(0.4932)
head train accuracy in  214  epoch is  tensor(0.5013, device='cuda:0')
head val accuracy in  214  epoch is  tensor(0.4965)
head train accuracy in  215  epoch is  tensor(0.4972, device='cuda:0')
head val accuracy in  215  epoch is  tensor(0.4947)
head train accuracy in  216  epoch is  tensor(0.4990, device='cuda:0')
head val accuracy in  216  epoch is  tensor(0.4982)
head train accuracy in  217  epoch is  tensor(0.4997, device='cuda:0')
head val accuracy in  217  epoch is  tensor(0.5003)
head train accuracy in  218  epoch is  tensor(0.5011, device='cuda:0')
head val accuracy in  218  epoch is  tensor(0.5014)
head train accuracy in  219  epoch is  tensor(0.4987, device='cuda:0')
head val accuracy in  219  epoch is  tensor(0.5014)
head train accuracy in  220  epoch is  tensor(0.4987, device='cuda:0')
head val accuracy in  220  epoch is  tensor(0.4997)
head train accuracy in  221  epoch is  tensor(0.4996, device='cuda:0')
head val accuracy in  221  epoch is  tensor(0.5001)
head train accuracy in  222  epoch is  tensor(0.4986, device='cuda:0')
head val accuracy in  222  epoch is  tensor(0.4999)
head train accuracy in  223  epoch is  tensor(0.5024, device='cuda:0')
head val accuracy in  223  epoch is  tensor(0.4993)
head train accuracy in  224  epoch is  tensor(0.5007, device='cuda:0')
head val accuracy in  224  epoch is  tensor(0.4988)
head train accuracy in  225  epoch is  tensor(0.5027, device='cuda:0')
head val accuracy in  225  epoch is  tensor(0.5022)
head train accuracy in  226  epoch is  tensor(0.4993, device='cuda:0')
head val accuracy in  226  epoch is  tensor(0.5007)
head train accuracy in  227  epoch is  tensor(0.5005, device='cuda:0')
head val accuracy in  227  epoch is  tensor(0.4974)
head train accuracy in  228  epoch is  tensor(0.4990, device='cuda:0')
head val accuracy in  228  epoch is  tensor(0.5004)
head train accuracy in  229  epoch is  tensor(0.5014, device='cuda:0')
head val accuracy in  229  epoch is  tensor(0.4977)
head train accuracy in  230  epoch is  tensor(0.4999, device='cuda:0')
head val accuracy in  230  epoch is  tensor(0.5003)
head train accuracy in  231  epoch is  tensor(0.4974, device='cuda:0')
head val accuracy in  231  epoch is  tensor(0.5003)
head train accuracy in  232  epoch is  tensor(0.5031, device='cuda:0')
head val accuracy in  232  epoch is  tensor(0.4997)
head train accuracy in  233  epoch is  tensor(0.5014, device='cuda:0')
head val accuracy in  233  epoch is  tensor(0.4991)
head train accuracy in  234  epoch is  tensor(0.4955, device='cuda:0')
head val accuracy in  234  epoch is  tensor(0.5006)
head train accuracy in  235  epoch is  tensor(0.4993, device='cuda:0')
head val accuracy in  235  epoch is  tensor(0.4996)
head train accuracy in  236  epoch is  tensor(0.5002, device='cuda:0')
head val accuracy in  236  epoch is  tensor(0.4989)
head train accuracy in  237  epoch is  tensor(0.4968, device='cuda:0')
head val accuracy in  237  epoch is  tensor(0.4965)
head train accuracy in  238  epoch is  tensor(0.5008, device='cuda:0')
head val accuracy in  238  epoch is  tensor(0.4996)
head train accuracy in  239  epoch is  tensor(0.5003, device='cuda:0')
head val accuracy in  239  epoch is  tensor(0.4977)
head train accuracy in  240  epoch is  tensor(0.5011, device='cuda:0')
head val accuracy in  240  epoch is  tensor(0.5017)
head train accuracy in  241  epoch is  tensor(0.5031, device='cuda:0')
head val accuracy in  241  epoch is  tensor(0.5016)
head train accuracy in  242  epoch is  tensor(0.4983, device='cuda:0')
head val accuracy in  242  epoch is  tensor(0.4985)
head train accuracy in  243  epoch is  tensor(0.5004, device='cuda:0')
head val accuracy in  243  epoch is  tensor(0.4998)
head train accuracy in  244  epoch is  tensor(0.4979, device='cuda:0')
head val accuracy in  244  epoch is  tensor(0.5002)
head train accuracy in  245  epoch is  tensor(0.4993, device='cuda:0')
head val accuracy in  245  epoch is  tensor(0.4991)
head train accuracy in  246  epoch is  tensor(0.4973, device='cuda:0')
head val accuracy in  246  epoch is  tensor(0.5018)
head train accuracy in  247  epoch is  tensor(0.5018, device='cuda:0')
head val accuracy in  247  epoch is  tensor(0.4981)
head train accuracy in  248  epoch is  tensor(0.4996, device='cuda:0')
head val accuracy in  248  epoch is  tensor(0.5017)
head train accuracy in  249  epoch is  tensor(0.4998, device='cuda:0')
head val accuracy in  249  epoch is  tensor(0.5027)
head train accuracy in  250  epoch is  tensor(0.4978, device='cuda:0')
head val accuracy in  250  epoch is  tensor(0.5005)
head train accuracy in  251  epoch is  tensor(0.4984, device='cuda:0')
head val accuracy in  251  epoch is  tensor(0.4996)
head train accuracy in  252  epoch is  tensor(0.4998, device='cuda:0')
head val accuracy in  252  epoch is  tensor(0.4978)
head train accuracy in  253  epoch is  tensor(0.5018, device='cuda:0')
head val accuracy in  253  epoch is  tensor(0.5031)
head train accuracy in  254  epoch is  tensor(0.5009, device='cuda:0')
head val accuracy in  254  epoch is  tensor(0.4996)
head train accuracy in  255  epoch is  tensor(0.5013, device='cuda:0')
head val accuracy in  255  epoch is  tensor(0.5146)
head train accuracy in  256  epoch is  tensor(0.4979, device='cuda:0')
head val accuracy in  256  epoch is  tensor(0.5008)
head train accuracy in  257  epoch is  tensor(0.5018, device='cuda:0')
head val accuracy in  257  epoch is  tensor(0.5004)
head train accuracy in  258  epoch is  tensor(0.4995, device='cuda:0')
head val accuracy in  258  epoch is  tensor(0.5013)
head train accuracy in  259  epoch is  tensor(0.5013, device='cuda:0')
head val accuracy in  259  epoch is  tensor(0.5074)
head train accuracy in  260  epoch is  tensor(0.5000, device='cuda:0')
head val accuracy in  260  epoch is  tensor(0.5004)
head train accuracy in  261  epoch is  tensor(0.5005, device='cuda:0')
head val accuracy in  261  epoch is  tensor(0.5015)
head train accuracy in  262  epoch is  tensor(0.5013, device='cuda:0')
head val accuracy in  262  epoch is  tensor(0.5041)
head train accuracy in  263  epoch is  tensor(0.4988, device='cuda:0')
head val accuracy in  263  epoch is  tensor(0.4996)
head train accuracy in  264  epoch is  tensor(0.4981, device='cuda:0')
head val accuracy in  264  epoch is  tensor(0.5004)
head train accuracy in  265  epoch is  tensor(0.5017, device='cuda:0')
head val accuracy in  265  epoch is  tensor(0.4974)
head train accuracy in  266  epoch is  tensor(0.4981, device='cuda:0')
head val accuracy in  266  epoch is  tensor(0.5003)
head train accuracy in  267  epoch is  tensor(0.4987, device='cuda:0')
head val accuracy in  267  epoch is  tensor(0.4994)
head train accuracy in  268  epoch is  tensor(0.5020, device='cuda:0')
head val accuracy in  268  epoch is  tensor(0.5008)
head train accuracy in  269  epoch is  tensor(0.4974, device='cuda:0')
head val accuracy in  269  epoch is  tensor(0.5006)
head train accuracy in  270  epoch is  tensor(0.5002, device='cuda:0')
head val accuracy in  270  epoch is  tensor(0.4965)
head train accuracy in  271  epoch is  tensor(0.4994, device='cuda:0')
head val accuracy in  271  epoch is  tensor(0.5046)
head train accuracy in  272  epoch is  tensor(0.5015, device='cuda:0')
head val accuracy in  272  epoch is  tensor(0.5004)
head train accuracy in  273  epoch is  tensor(0.4978, device='cuda:0')
head val accuracy in  273  epoch is  tensor(0.4996)
head train accuracy in  274  epoch is  tensor(0.5001, device='cuda:0')
head val accuracy in  274  epoch is  tensor(0.4997)
head train accuracy in  275  epoch is  tensor(0.4991, device='cuda:0')
head val accuracy in  275  epoch is  tensor(0.4974)
head train accuracy in  276  epoch is  tensor(0.4987, device='cuda:0')
head val accuracy in  276  epoch is  tensor(0.5006)
head train accuracy in  277  epoch is  tensor(0.4946, device='cuda:0')
head val accuracy in  277  epoch is  tensor(0.4993)
head train accuracy in  278  epoch is  tensor(0.4995, device='cuda:0')
head val accuracy in  278  epoch is  tensor(0.5005)
head train accuracy in  279  epoch is  tensor(0.4986, device='cuda:0')
head val accuracy in  279  epoch is  tensor(0.5031)
head train accuracy in  280  epoch is  tensor(0.4991, device='cuda:0')
head val accuracy in  280  epoch is  tensor(0.5032)
head train accuracy in  281  epoch is  tensor(0.5011, device='cuda:0')
head val accuracy in  281  epoch is  tensor(0.5035)
head train accuracy in  282  epoch is  tensor(0.5003, device='cuda:0')
head val accuracy in  282  epoch is  tensor(0.4996)
head train accuracy in  283  epoch is  tensor(0.5025, device='cuda:0')
head val accuracy in  283  epoch is  tensor(0.4955)
head train accuracy in  284  epoch is  tensor(0.5021, device='cuda:0')
head val accuracy in  284  epoch is  tensor(0.4941)
head train accuracy in  285  epoch is  tensor(0.5016, device='cuda:0')
head val accuracy in  285  epoch is  tensor(0.4994)
head train accuracy in  286  epoch is  tensor(0.5008, device='cuda:0')
head val accuracy in  286  epoch is  tensor(0.4983)
head train accuracy in  287  epoch is  tensor(0.5009, device='cuda:0')
head val accuracy in  287  epoch is  tensor(0.5000)
head train accuracy in  288  epoch is  tensor(0.4993, device='cuda:0')
head val accuracy in  288  epoch is  tensor(0.5015)
head train accuracy in  289  epoch is  tensor(0.5013, device='cuda:0')
head val accuracy in  289  epoch is  tensor(0.4996)
head train accuracy in  290  epoch is  tensor(0.5009, device='cuda:0')
head val accuracy in  290  epoch is  tensor(0.5025)
head train accuracy in  291  epoch is  tensor(0.5019, device='cuda:0')
head val accuracy in  291  epoch is  tensor(0.5004)
head train accuracy in  292  epoch is  tensor(0.5003, device='cuda:0')
head val accuracy in  292  epoch is  tensor(0.5043)
head train accuracy in  293  epoch is  tensor(0.5015, device='cuda:0')
head val accuracy in  293  epoch is  tensor(0.5000)
head train accuracy in  294  epoch is  tensor(0.5017, device='cuda:0')
head val accuracy in  294  epoch is  tensor(0.5036)
head train accuracy in  295  epoch is  tensor(0.4956, device='cuda:0')
head val accuracy in  295  epoch is  tensor(0.5096)
head train accuracy in  296  epoch is  tensor(0.4989, device='cuda:0')
head val accuracy in  296  epoch is  tensor(0.4980)
head train accuracy in  297  epoch is  tensor(0.5028, device='cuda:0')
head val accuracy in  297  epoch is  tensor(0.4977)
head train accuracy in  298  epoch is  tensor(0.4988, device='cuda:0')
head val accuracy in  298  epoch is  tensor(0.5009)
head train accuracy in  299  epoch is  tensor(0.4976, device='cuda:0')
head val accuracy in  299  epoch is  tensor(0.5038)
